<?xml version="1.0" encoding="UTF-8"?>
<testng-results ignored="0" total="3" passed="3" failed="0" skipped="0">
  <reporter-output>
  </reporter-output>
  <suite started-at="2019-02-10T12:55:35Z" name="Default suite" finished-at="2019-02-10T12:56:16Z" duration-ms="41156">
    <groups>
    </groups>
    <test started-at="2019-02-10T12:55:35Z" name="Default test" finished-at="2019-02-10T12:56:16Z" duration-ms="41156">
      <class name="testcases.PapercutTestCases">
        <test-method is-config="true" signature="launchFirefoxbrowser()[pri:0, instance:testcases.PapercutTestCases@f79e]" started-at="2019-02-10T12:55:35Z" name="launchFirefoxbrowser" finished-at="2019-02-10T12:55:42Z" duration-ms="7710" status="PASS">
          <reporter-output>
          </reporter-output>
        </test-method> <!-- launchFirefoxbrowser -->
        <test-method signature="verifyLogin()[pri:1, instance:testcases.PapercutTestCases@f79e]" started-at="2019-02-10T12:55:42Z" name="verifyLogin" finished-at="2019-02-10T12:55:47Z" duration-ms="4379" status="PASS">
          <reporter-output>
          </reporter-output>
        </test-method> <!-- verifyLogin -->
        <test-method signature="verifyMenuLinks()[pri:2, instance:testcases.PapercutTestCases@f79e]" started-at="2019-02-10T12:55:47Z" name="verifyMenuLinks" finished-at="2019-02-10T12:56:13Z" duration-ms="26775" status="PASS">
          <reporter-output>
          </reporter-output>
        </test-method> <!-- verifyMenuLinks -->
        <test-method signature="verifyVersionAndBuild()[pri:3, instance:testcases.PapercutTestCases@f79e]" started-at="2019-02-10T12:56:13Z" name="verifyVersionAndBuild" finished-at="2019-02-10T12:56:13Z" duration-ms="3" status="PASS">
          <reporter-output>
          </reporter-output>
        </test-method> <!-- verifyVersionAndBuild -->
        <test-method is-config="true" signature="closeBrowser()[pri:0, instance:testcases.PapercutTestCases@f79e]" started-at="2019-02-10T12:56:13Z" name="closeBrowser" finished-at="2019-02-10T12:56:16Z" duration-ms="2220" status="PASS">
          <reporter-output>
          </reporter-output>
        </test-method> <!-- closeBrowser -->
      </class> <!-- testcases.PapercutTestCases -->
    </test> <!-- Default test -->
  </suite> <!-- Default suite -->
</testng-results>
